#set( $symbol_pound = '#' )
#set( $symbol_dollar = '$' )
#set( $symbol_escape = '\' )
<?xml version="1.0" encoding="UTF-8"?>
<beans xmlns="http://www.springframework.org/schema/beans"
	xmlns:xsi="http://www.w3.org/2001/XMLSchema-instance" xmlns:context="http://www.springframework.org/schema/context"
	xmlns:mybatis-spring="http://mybatis.org/schema/mybatis-spring"
	xmlns:tx="http://www.springframework.org/schema/tx"
	xsi:schemaLocation="http://www.springframework.org/schema/beans http://www.springframework.org/schema/beans/spring-beans-3.1.xsd
		http://mybatis.org/schema/mybatis-spring http://mybatis.org/schema/mybatis-spring-1.2.xsd
		http://www.springframework.org/schema/tx http://www.springframework.org/schema/tx/spring-tx-3.1.xsd
		http://www.springframework.org/schema/context http://www.springframework.org/schema/context/spring-context-3.1.xsd">
	
	<context:component-scan base-package="com.siglent" />

	<mybatis-spring:scan base-package="com.siglent.reserve.mapper" />
	<context:property-placeholder location="classpath:jdbc.properties" />
	<!-- druid数据库连接池配置 -->
	<bean id="dataSource" class="com.alibaba.druid.pool.DruidDataSource"
		init-method="init" destroy-method="close">
		<!-- 这行可配可不配，如果不配置druid会根据url自动识别 <property name="driverClassName" value="${symbol_dollar}{jdbc.driver}"></property> -->
		<property name="url" value="${symbol_dollar}{jdbc.url}"></property>
		<property name="username" value="${symbol_dollar}{jdbc.username}"></property>
		<property name="password" value="${symbol_dollar}{jdbc.password}"></property>
		<!-- 配置初始化大小、最小、最大 -->
		<property name="initialSize" value="1"></property>
		<property name="maxActive" value="5"></property>
		<property name="minIdle" value="1"></property>
		<!-- 配置获取连接等待超时的时间 -->
		<property name="maxWait" value="60000"></property>
		<!-- 配置监控统计拦截的filters -->
		<property name="filters" value="stat,config,slf4j"></property>
		<!-- 配置间隔多久才进行一次检测，检测需要关闭的空闲连接，单位是毫秒 -->
		<property name="timeBetweenEvictionRunsMillis" value="60000"></property>
		<!-- 配置一个连接在池中最小生存时间，单位是毫秒 -->
		<property name="minEvictableIdleTimeMillis" value="300000"></property>
		<!-- 数据库密码加密 慢查询sql打印 <property name="connectionProperties" value="config.decrypt=true;druid.stat.slowSqlMillis=1000;druid.stat.logSlowSql=true" 
			/> <property name="validationQuery" value="SELECT 'x'" /> <property name="testWhileIdle" 
			value="true" /> <property name="testOnBorrow" value="false" /> <property 
			name="testOnReturn" value="false" /> <property name="removeAbandoned" value="true" 
			/>对长时间不用的连接强制关闭 <property name="removeAbandonedTimeout" value="1800" /> 1800秒，也就是30分钟 
			<property name="logAbandoned" value="true" /> 关闭abanded连接时输出错误日志，将当前关闭动作记录到日志 
			是否缓存preparedStatement，也就是PSCache，它对游标的数据库性能提升巨大 指定每个连接上PSCache的大小,mysql 不使用 
			<property name="poolPreparedStatements" value="ture" /> <property name="maxOpenPreparedStatements" 
			value="100"/> -->
	</bean>

	<bean id="sqlSessionFactory" class="org.mybatis.spring.SqlSessionFactoryBean">
		<property name="dataSource" ref="dataSource"></property>
		<!-- 不必须<property name="configLocation" value="classpath:mybatis-config.xml"></property>
		 -->
		 <!-- typeAliasesPackage用指定包下类名为别名，即不用在mapper.xml中使用全限定名 -->
		<property name="typeAliasesPackage" value="com.siglent.reserve.entity" />
		<!--  -->
		<!-- <property name="mapperLocations" value="classpath*:com/siglent/reserve/mapper/*-mapper.xml"/> -->
		<property name="mapperLocations">
			<list>
				<value>classpath*:com/siglent/reserve/mapper/*Mapper.xml</value>
			</list>
		</property>
	</bean>

	<!-- (事务管理)transaction manager, use JtaTransactionManager for global tx -->
	<bean id="transactionManager"
		class="org.springframework.jdbc.datasource.DataSourceTransactionManager">
		<property name="dataSource" ref="dataSource" />
	</bean>
	<!-- 可通过注解控制事务 -->
	<tx:annotation-driven />

</beans>
